<?xml version="1.0" encoding="UTF-8"?>
<robot generator="Robot 3.1.1 (Python 3.7.2 on win32)" generated="20190201 15:35:46.501" rpa="false">
<suite id="s1" name="CJP Robot Testing" source="C:\Users\pserishm\Documents\Robo2\CJP_Robot_Testing.robot">
<test id="s1-t1" name="TESTCASE1: xpath_test009">
<kw name="print1 class">
<kw name="Xpath Test009" library="class">
<msg timestamp="20190201 15:36:07.900" level="INFO">[93m[i][0m Base.create_entity &lt;409&gt; password-policy =&gt; b'[ {\n  "code" : 409,\n  "details" : {\n    "reason" : "A password-policy with the constraint [{\\"columnName\\":\\"name__s\\",\\"value\\":\\"test009\\",\\"values\\":null,\\"operator\\":\\"EQUAL\\",\\"includeIfColumnNotPresent\\":false}] already exists in the system"\n  },\n  "links" : null,\n  "internal" : false\n} ]'
[94m[O][0m Base.get_entities fetched password-policy =&gt; {'auxiliaryMetadata': {'id': None, 'query': {'anchorId': '8078bf71-1d7b-485e-b35c-bcd86ec67447', 'columns': None, 'filterGroups': [{'operator': 'AND', 'valueFilters': []}], 'auxiliaryDataType': 'USER_DATA', 'objectType': 'password-policy'}, 'columns': None, 'lastAccessTimestamp': 0, 'numberOfRecords': 12}, 'auxiliaryDataList': [{'id': 'AWieSFVnA7316vGBC_9b', 'auxiliaryDataType': 'USER_DATA', 'type': 'password-policy', 'attributes': {'_lmts__l': 1548843794677, 'expiryPeriod__i': 0, 'name__s': 'ravipr2', 'oneUpperCaseLetter__i': 1, 'cstts': 1548843792658, 'isDefault__i': 0, 'status__i': 1, '_type__s': 'password-policy', 'tid': '382', 'dbId__l': 439, 'sid': 'AWieSFVnA7316vGBC_9b', 'maximumInvalidAttempts__i': 5, 'numberOfPasswordsRemembered__i': 8, 'oneDigit__i': 0, 'oneLowerCaseLetter__i': 0, 'length__i': 8, 'description__s': ''}}, {'id': 'AWgnLAm9tLitTLRBEcoU', 'auxiliaryDataType': 'USER_DATA', 'type': 'password-policy', 'attributes': {'oneSpecialCharater__i': 0, '_lmts__l': 1546845430787, 'expiryPeriod__i': 0, 'regex__s': '.*', 'name__s': 'Default Policy', 'oneUpperCaseLetter__i': 0, 'cstts': 1546845427458, 'isDefault__i': 1, 'status__i': 1, '_type__s': 'password-policy', 'tid': '382', 'dbId__l': 400, 'sid': 'AWgnLAm9tLitTLRBEcoU', 'maximumInvalidAttempts__i': 0, 'numberOfPasswordsRemembered__i': 3, 'oneDigit__i': 0, 'oneLowerCaseLetter__i': 0, '_seedData__i': 1, 'length__i': 3, 'description__s': 'Default password policy'}}, {'id': 'AWiZ2z_2mbApJMCXp9dy', 'auxiliaryDataType': 'USER_DATA', 'type': 'password-policy', 'attributes': {'_lmts__l': 1548769536083, 'expiryPeriod__i': 0, 'name__s': 'TEST472_4', 'oneUpperCaseLetter__i': 1, 'cstts': 1548769534059, 'isDefault__i': 0, 'status__i': 1, '_type__s': 'password-policy', 'tid': '382', 'dbId__l': 427, 'sid': 'AWiZ2z_2mbApJMCXp9dy', 'maximumInvalidAttempts__i': 5, 'numberOfPasswordsRemembered__i': 8, 'oneDigit__i': 0, 'oneLowerCaseLetter__i': 0, 'length__i': 8, 'description__s': ''}}, {'id': 'AWiZ5hj4mbApJMCXp9dz', 'auxiliaryDataType': 'USER_DATA', 'type': 'password-policy', 'attributes': {'_lmts__l': 1548770247002, 'expiryPeriod__i': 0, 'name__s': 'TEST472_5', 'oneUpperCaseLetter__i': 1, 'cstts': 1548770244980, 'isDefault__i': 0, 'status__i': 1, '_type__s': 'password-policy', 'tid': '382', 'dbId__l': 428, 'sid': 'AWiZ5hj4mbApJMCXp9dz', 'maximumInvalidAttempts__i': 5, 'numberOfPasswordsRemembered__i': 8, 'oneDigit__i': 0, 'oneLowerCaseLetter__i': 0, 'length__i': 8, 'description__s': ''}}, {'id': 'AWh6RNJKtLitTLRBEeUd', 'auxiliaryDataType': 'USER_DATA', 'type': 'password-policy', 'attributes': {'_lmts__l': 1548239579911, 'expiryPeriod__i': 0, 'name__s': 'TEST472_3', 'oneUpperCaseLetter__i': 1, 'cstts': 1548239576115, 'isDefault__i': 0, 'status__i': 0, '_type__s': 'password-policy', 'tid': '382', 'dbId__l': 413, 'sid': 'AWh6RNJKtLitTLRBEeUd', 'maximumInvalidAttempts__i': 5, 'numberOfPasswordsRemembered__i': 8, 'oneDigit__i': 0, 'oneLowerCaseLetter__i': 0, 'length__i': 8, 'description__s': ''}}, {'id': 'AWh6PKv6tLitTLRBEeUW', 'auxiliaryDataType': 'USER_DATA', 'type': 'password-policy', 'attributes': {'_lmts__l': 1548239045772, 'expiryPeriod__i': 0, 'name__s': 'TEST472_2', 'oneUpperCaseLetter__i': 1, 'cstts': 1548239042013, 'isDefault__i': 0, 'status__i': 0, '_type__s': 'password-policy', 'tid': '382', 'dbId__l': 412, 'sid': 'AWh6PKv6tLitTLRBEeUW', 'maximumInvalidAttempts__i': 5, 'numberOfPasswordsRemembered__i': 8, 'oneDigit__i': 0, 'oneLowerCaseLetter__i': 0, 'length__i': 8, 'description__s': ''}}, {'id': 'AWiYIx_-A7316vGBC_m1', 'auxiliaryDataType': 'USER_DATA', 'type': 'password-policy', 'attributes': {'_lmts__l': 1548740691733, 'expiryPeriod__i': 0, 'name__s': 'kbalu.orag@gmail.com', 'oneUpperCaseLetter__i': 0, 'cstts': 1548740689714, 'isDefault__i': 0, 'status__i': 1, '_type__s': 'password-policy', 'tid': '382', 'dbId__l': 426, 'sid': 'AWiYIx_-A7316vGBC_m1', 'maximumInvalidAttempts__i': 1, 'numberOfPasswordsRemembered__i': 1, 'oneDigit__i': 0, 'oneLowerCaseLetter__i': 0, 'length__i': 2, 'description__s': ''}}, {'id': 'AWiemZfymbApJMCXp9ua', 'auxiliaryDataType': 'USER_DATA', 'type': 'password-policy', 'attributes': {'_lmts__l': 1548849120187, 'expiryPeriod__i': 0, 'name__s': 'ravipr5', 'oneUpperCaseLetter__i': 1, 'cstts': 1548849118167, 'isDefault__i': 0, 'status__i': 1, '_type__s': 'password-policy', 'tid': '382', 'dbId__l': 452, 'sid': 'AWiemZfymbApJMCXp9ua', 'maximumInvalidAttempts__i': 5, 'numberOfPasswordsRemembered__i': 8, 'oneDigit__i': 0, 'oneLowerCaseLetter__i': 0, 'length__i': 8, 'description__s': ''}}, {'id': 'AWiod1YpA7316vGBDAKQ', 'auxiliaryDataType': 'USER_DATA', 'type': 'password-policy', 'attributes': {'_lmts__l': 1549014649115, 'expiryPeriod__i': 0, 'name__s': 'test009', 'oneUpperCaseLetter__i': 1, 'cstts': 1549014647095, 'isDefault__i': 0, 'status__i': 1, '_type__s': 'password-policy', 'tid': '382', 'dbId__l': 461, 'sid': 'AWiod1YpA7316vGBDAKQ', 'maximumInvalidAttempts__i': 5, 'numberOfPasswordsRemembered__i': 8, 'oneDigit__i': 0, 'oneLowerCaseLetter__i': 0, 'length__i': 8, 'description__s': ''}}, {'id': 'AWhvAoBDKgni1EU7tSl4', 'auxiliaryDataType': 'USER_DATA', 'type': 'password-policy', 'attributes': {'_lmts__l': 1548050680300, 'expiryPeriod__i': 0, 'name__s': 'policy1_test009', 'oneUpperCaseLetter__i': 1, 'cstts': 1548050678279, 'isDefault__i': 0, 'status__i': 1, '_type__s': 'password-policy', 'tid': '382', 'dbId__l': 408, 'sid': 'AWhvAoBDKgni1EU7tSl4', 'maximumInvalidAttempts__i': 5, 'numberOfPasswordsRemembered__i': 8, 'oneDigit__i': 0, 'oneLowerCaseLetter__i': 0, 'length__i': 8, 'description__s': ''}}, {'id': 'AWh557-cpaDUTEjp9p-6', 'auxiliaryDataType': 'USER_DATA', 'type': 'password-policy', 'attributes': {'_lmts__l': 1548235788362, 'expiryPeriod__i': 0, 'name__s': 'TEST472', 'oneUpperCaseLetter__i': 1, 'cstts': 1548233476417, 'isDefault__i': 0, 'status__i': 0, '_type__s': 'password-policy', 'tid': '382', 'dbId__l': 410, 'sid': 'AWh557-cpaDUTEjp9p-6', 'maximumInvalidAttempts__i': 5, 'numberOfPasswordsRemembered__i': 8, 'oneDigit__i': 0, 'oneLowerCaseLetter__i': 0, 'length__i': 8, 'description__s': ''}}, {'id': 'AWh6CyoftLitTLRBEeTu', 'auxiliaryDataType': 'USER_DATA', 'type': 'password-policy', 'attributes': {'_lmts__l': 1548318943133, 'expiryPeriod__i': 0, 'name__s': 'TEST472_1', 'oneUpperCaseLetter__i': 1, 'cstts': 1548235797471, 'isDefault__i': 0, 'status__i': 0, '_type__s': 'password-policy', 'tid': '382', 'dbId__l': 411, 'sid': 'AWh6CyoftLitTLRBEeTu', 'maximumInvalidAttempts__i': 5, 'numberOfPasswordsRemembered__i': 8, 'oneDigit__i': 0, 'oneLowerCaseLetter__i': 0, 'length__i': 8, 'description__s': ''}}]}
[94m[O][0m Base.delete_entity deleted AWiod1YpA7316vGBDAKQ =&gt; {'code': 200, 'details': {'reason': '{"deleted": true}'}, 'links': None, 'internal': False}
[94m[O][0m Base.create_entity created password-policy =&gt; [{'code': 200, 'details': None, 'links': [{'rel': None, 'method': None, 'href': '/auxiliary-data/user-data/password-policy/AWiohbr1mbApJMCXp90x'}], 'internal': False}]
created_pp [{'code': 200, 'details': None, 'links': [{'rel': None, 'method': None, 'href': '/auxiliary-data/user-data/password-policy/AWiohbr1mbApJMCXp90x'}], 'internal': False}]
id_ AWiohbr1mbApJMCXp90x
[94m[O][0m Base.get_entity fetched AWiohbr1mbApJMCXp90x =&gt; {'id': 'AWiohbr1mbApJMCXp90x', 'auxiliaryDataType': 'USER_DATA', 'type': 'password-policy', 'attributes': {'_lmts__l': 1549015592433, 'expiryPeriod__i': 0, 'name__s': 'test009', 'oneUpperCaseLetter__i': 1, 'cstts': 1549015590413, 'isDefault__i': 0, 'status__i': 1, 'tid': '382', 'dbId__l': 462, 'sid': 'AWiohbr1mbApJMCXp90x', 'maximumInvalidAttempts__i': 5, 'numberOfPasswordsRemembered__i': 8, 'oneDigit__i': 0, 'oneLowerCaseLetter__i': 0, 'length__i': 8, 'description__s': ''}}
True</msg>
<status status="PASS" starttime="20190201 15:35:46.763" endtime="20190201 15:36:07.901"></status>
</kw>
<status status="PASS" starttime="20190201 15:35:46.763" endtime="20190201 15:36:07.901"></status>
</kw>
<tags>
<tag>Prov_Broker_Testing</tag>
</tags>
<status status="PASS" starttime="20190201 15:35:46.762" endtime="20190201 15:36:07.902" critical="yes"></status>
</test>
<status status="PASS" starttime="20190201 15:35:46.511" endtime="20190201 15:36:07.903"></status>
</suite>
<statistics>
<total>
<stat pass="1" fail="0">Critical Tests</stat>
<stat pass="1" fail="0">All Tests</stat>
</total>
<tag>
<stat pass="1" fail="0">Prov_Broker_Testing</stat>
</tag>
<suite>
<stat pass="1" fail="0" id="s1" name="CJP Robot Testing">CJP Robot Testing</stat>
</suite>
</statistics>
<errors>
<msg timestamp="20190201 15:35:46.749" level="WARN">Imported library 'C:\Users\pserishm\Documents\PHC_Automation\Library\Provisioning\password_policy.py' contains no keywords.</msg>
<msg timestamp="20190201 15:35:46.756" level="WARN">Imported library 'C:\Users\pserishm\Documents\PHC_Automation\Library\Provisioning\utils.py' contains no keywords.</msg>
</errors>
</robot>
